#
# A fatal error has been detected by the Java Runtime Environment:
#
#  EXCEPTION_ACCESS_VIOLATION (0xc0000005) at pc=0x00000235fe637fd8, pid=13324, tid=2460
#
# JRE version: Java(TM) SE Runtime Environment (20.0.1+9) (build 20.0.1+9-29)
# Java VM: Java HotSpot(TM) 64-Bit Server VM (20.0.1+9-29, mixed mode, sharing, tiered, compressed oops, compressed class ptrs, g1 gc, windows-amd64)
# Problematic frame:
# C  0x00000235fe637fd8
#
# No core dump will be written. Minidumps are not enabled by default on client versions of Windows
#
# If you would like to submit a bug report, please visit:
#   https://bugreport.java.com/bugreport/crash.jsp
#

---------------  S U M M A R Y ------------

Command Line: -Dmaven.home=C:/Users/HELEN/Documents/spring_boot -Dmaven.multiModuleProjectDirectory=C:/Users/HELEN/Documents/spring_boot/quest-spring-route org.apache.maven.wrapper.MavenWrapperMain spring-boot:run

Host: Intel(R) Celeron(R) J4125 CPU @ 2.00GHz, 4 cores, 7G,  Windows 10 , 64 bit Build 19041 (10.0.19041.3031)
Time: Sun Jun 25 17:17:39 2023 Paris, Madrid (heure duild 19041 (10.0.19041.3031) elapsed time: 9.371423 seconds (0d 0h 0m 9s)

---------------  T H R E A D  ---------------

Current thread (0x00000235ff1b6030):  JavaThread "C2 CompilerThread1" daemon [_thread_in_native, id=2460, stack(0x000000fb81700000,0x000000fb81800000)]


Current CompileTask:
C2:   9371 4609   !   4       com.google.inject.spi.InjectionPoint::getInjectionPoints (489 bytes)

Stack: [0x000000fb81700000,0x000000fb81800000],  sp=0x000000fb817fbf20,  free space=1007k
Native frames: (J=compiled Java code, j=interpreted, Vv=VM code, C=native code)
C  0x00000235fe637fd8


siginfo: EXCEPTION_ACCESS_VIOLATION (0xc0000005), data execution prevention violation at address 0x00000235fe637fd8


Registers:
RAX=0x0000000000000001, RBX=0x000002359365c3b8, RCX=0x00000235935e2630, RDX=0x0000000000000004
RSP=0x000000fb817fbf20, RBP=0x00000235ff771be0, RSI=0x000002359365c3b8, RDI=0x0000000000000a50
R8 =0x000002359365c3b8, R9 =0x00007fff3bae9e68, R10=0x0000000000000000, R11=0x000002359365c3c0
R12=0x0000000000000001, R13=0x0000000000000002, R14=0x000000fb817fc520, R15=0x00000235fe638080
RIP=0x00000235fe637fd8, EFLAGS=0x0000000000010246


Register to memory mapping:

RIP=0x00000235fe637fd8 points into unknown readable memory: 0x00007fff3c1258e0 | e0 58 12 3c ff 7f 00 00
RAX=0x0000000000000001 is an unknown value
RBX=0x000002359365c3b8 points into unknown readable memory: 0x00007fff3c195058 | 58 50 19 3c ff 7f 00 00
RCX=0x00000235935e2630 points into unknown readable memory: 0x0000000000000000 | 00 00 00 00 00 00 00 00
RDX=0x0000000000000004 is an unknown value
RSP=0x000000fb817fbf20 is pointing into the stack for thread: 0x00000235ff1b6030
RBP=0x00000235ff771be0 points into unknown readable memory: 0x00007fff3c191400 | 00 14 19 3c ff 7f 00 00
RSI=0x000002359365c3b8 points into unknown readable memory: 0x00007fff3c195058 | 58 50 19 3c ff 7f 00 00
RDI=0x0000000000000a50 is an unknown value
R8 =0x000002359365c3b8 points into unknown readable memory: 0x00007fff3c195058 | 58 50 19 3c ff 7f 00 00
R9 =0x00007fff3bae9e68 jvm.dll
R10=0x0 is NULL
R11=0x000002359365c3c0 points into unknown readable memory: 0x000002359365c3f0 | f0 c3 65 93 35 02 00 00
R12=0x0000000000000001 is an unknown value
R13=0x0000000000000002 is an unknown value
R14=0x000000fb817fc520 is pointing into the stack for thread: 0x00000235ff1b6030
R15=0x00000235fe638080 points into unknown readable memory: 0x00007fff3c12aea8 | a8 ae 12 3c ff 7f 00 00


Top of Stack: (sp=0x000000fb817fbf20)
0x000000fb817fbf20:   00000235fe5e86c8 000002359365c3e4
0x000000fb817fbf30:   00000235935e2630 00007fff3be95e48
0x000000fb817fbf40:   000002359365c3b8 00000235ff771be0
0x000000fb817fbf50:   0000000000000000 00007fff3be9648a
0x000000fb817fbf60:   00000235935e3540 0000000000000003
0x000000fb817fbf70:   0000000400000001 0000000000000010
0x000000fb817fbf80:   0000000000000002 0000000000000000
0x000000fb817fbf90:   00000235935e1ea8 00000235ff772150
0x000000fb817fbfa0:   000000fb817fc520 00000235ff771be0
0x000000fb817fbfb0:   00000235fe5e86c8 00007fff3be95e0f
0x000000fb817fbfc0:   000000fb817fc520 0000000000000000
0x000000fb817fbfd0:   00000235935e1ea8 00000235ff771be0
0x000000fb817fbfe0:   000000fb817fc0f8 0000000000000964
0x000000fb817fbff0:   0000000300000001 0000000000000010
0x000000fb817fc000:   00000235935df710 000000fb817fc520
0x000000fb817fc010:   0000000000000000 000000fb817fc520
0x000000fb817fc020:   00000235ff772150 000000fb817fcea8
0x000000fb817fc030:   0000000000000001 00007fff3be9becc
0x000000fb817fc040:   000000fb817fc520 00000235935e1720
0x000000fb817fc050:   00000235935e1720 00000235ff771be0
0x000000fb817fc060:   000000fb817fc0f8 00000235ff773640
0x000000fb817fc070:   000000000000a7b0 00000235935e1720
0x000000fb817fc080:   00000235935e76f8 00000235939b1fe8
0x000000fb817fc090:   00000235fe638530 0000000000000002
0x000000fb817fc0a0:   0000000000000068 00000235ff772150
0x000000fb817fc0b0:   000000fb817fc520 0000000000000000
0x000000fb817fc0c0:   00000235ff0221d8 000000fb817fc140
0x000000fb817fc0d0:   00000235ff772150 00007fff3be9cefc
0x000000fb817fc0e0:   00000235932014a0 00000235ff0221d8
0x000000fb817fc0f0:   0000000000000001 0000000000000001
0x000000fb817fc100:   00000235940e6690 0000023594170d20
0x000000fb817fc110:   00000235940d0620 00000235fefea2e0 

Instructions: (pc=0x00000235fe637fd8)
0x00000235fe637ed8:   a0 20 0d 93 35 02 00 00 a0 20 0d 93 35 02 00 00
0x00000235fe637ee8:   a0 20 0d 93 35 02 00 00 a0 20 0d 93 35 02 00 00
0x00000235fe637ef8:   a0 20 0d 93 35 02 00 00 a0 20 0d 93 35 02 00 00
0x00000235fe637f08:   a0 20 0d 93 35 02 00 00 a0 20 0d 93 35 02 00 00
0x00000235fe637f18:   a0 20 0d 93 35 02 00 00 a0 20 0d 93 35 02 00 00
0x00000235fe637f28:   a0 20 0d 93 35 02 00 00 a0 20 0d 93 35 02 00 00
0x00000235fe637f38:   a0 20 0d 93 35 02 00 00 a0 20 0d 93 35 02 00 00
0x00000235fe637f48:   a0 20 0d 93 35 02 00 00 a0 20 0d 93 35 02 00 00
0x00000235fe637f58:   a0 20 0d 93 35 02 00 00 a0 20 0d 93 35 02 00 00
0x00000235fe637f68:   a0 20 0d 93 35 02 00 00 10 42 0d 93 35 02 00 00
0x00000235fe637f78:   10 42 0d 93 35 02 00 00 10 42 0d 93 35 02 00 00
0x00000235fe637f88:   10 42 0d 93 35 02 00 00 10 42 0d 93 35 02 00 00
0x00000235fe637f98:   00 00 00 00 00 00 00 00 00 00 00 00 00 00 00 00
0x00000235fe637fa8:   00 00 00 00 00 00 00 00 00 00 00 00 00 00 00 00
0x00000235fe637fb8:   00 00 00 00 00 00 00 00 00 00 00 00 00 00 00 00
0x00000235fe637fc8:   00 00 00 00 00 00 00 00 00 00 00 00 00 00 00 00
0x00000235fe637fd8:   e0 58 12 3c ff 7f 00 00 48 80 63 fe 35 02 00 00
0x00000235fe637fe8:   20 82 63 fe 35 02 00 00 04 00 00 00 04 00 00 00
0x00000235fe637ff8:   02 00 00 00 04 00 00 00 80 0a 00 00 02 00 00 00
0x00000235fe638008:   00 00 00 00 00 00 00 00 00 70 03 00 08 00 00 00
0x00000235fe638018:   28 80 63 fe 35 02 00 00 58 d5 9f fd 35 02 00 00
0x00000235fe638028:   40 80 63 fe 35 02 00 00 68 80 63 fe 35 02 00 00
0x00000235fe638038:   78 80 63 fe 35 02 00 00 68 43 11 3c ff 7f 00 00
0x00000235fe638048:   08 1a d4 fd 35 02 00 00 68 69 63 fe 35 02 00 00
0x00000235fe638058:   28 39 63 fe 35 02 00 00 80 80 63 fe 35 02 00 00
0x00000235fe638068:   78 9c 11 3c ff 7f 00 00 0c 00 00 00 00 00 00 00
0x00000235fe638078:   28 83 11 3c ff 7f 00 00 a8 ae 12 3c ff 7f 00 00
0x00000235fe638088:   e8 80 63 fe 35 02 00 00 c0 81 63 fe 35 02 00 00
0x00000235fe638098:   02 00 00 00 04 00 00 00 02 00 00 00 04 00 00 00
0x00000235fe6380a8:   81 0a 00 00 02 00 00 00 00 00 00 00 08 00 00 00
0x00000235fe6380b8:   00 55 02 00 35 02 00 00 d0 80 63 fe 35 02 00 00
0x00000235fe6380c8:   d0 97 9c 93 35 02 00 00 e0 80 63 fe 35 02 00 00 


Stack slot to memory mapping:
stack at sp + 0 slots: 0x00000235fe5e86c8 points into unknown readable memory: 0x00007fff3c18c890 | 90 c8 18 3c ff 7f 00 00
stack at sp + 1 slots: 0x000002359365c3e4 points into unknown readable memory: 00 00 00 00
stack at sp + 2 slots: 0x00000235935e2630 points into unknown readable memory: 0x0000000000000000 | 00 00 00 00 00 00 00 00
stack at sp + 3 slots: 0x00007fff3be95e48 jvm.dll
stack at sp + 4 slots: 0x000002359365c3b8 points into unknown readable memory: 0x00007fff3c195058 | 58 50 19 3c ff 7f 00 00
stack at sp + 5 slots: 0x00000235ff771be0 points into unknown readable memory: 0x00007fff3c191400 | 00 14 19 3c ff 7f 00 00
stack at sp + 6 slots: 0x0 is NULL
stack at sp + 7 slots: 0x00007fff3be9648a jvm.dll


---------------  P R O C E S S  ---------------

Threads class SMR info:
_java_thread_list=0x00000235fef05010, length=12, elements={
0x00000235f08e1710, 0x00000235fd9ce270, 0x00000235fd9cec80, 0x00000235fd9d1550,
0x00000235fd9d3ab0, 0x00000235fd9d4000, 0x00000235fd9d4550, 0x00000235fd9d8de0,
0x00000235fda04c90, 0x00000235fdc50f90, 0x00000235fdc59280, 0x00000235ff1b6030
}

Java Threads: ( => current thread )
  0x00000235f08e1710 JavaThread "main" [_thread_in_native, id=1944, stack(0x000000fb80200000,0x000000fb80300000)]
  0x00000235fd9ce270 JavaThread "Reference Handler" daemon [_thread_blocked, id=1404, stack(0x000000fb80900000,0x000000fb80a00000)]
  0x00000235fd9cec80 JavaThread "Finalizer" daemon [_thread_blocked, id=2852, stack(0x000000fb80a00000,0x000000fb80b00000)]
  0x00000235fd9d1550 JavaThread "Signal Dispatcher" daemon [_thread_blocked, id=13020, stack(0x000000fb80b00000,0x000000fb80c00000)]
  0x00000235fd9d3ab0 JavaThread "Attach Listener" daemon [_thread_blocked, id=13740, stack(0x000000fb80c00000,0x000000fb80d00000)]
  0x00000235fd9d4000 JavaThread "Service Thread" daemon [_thread_blocked, id=9564, stack(0x000000fb80d00000,0x000000fb80e00000)]
  0x00000235fd9d4550 JavaThread "Monitor Deflation Thread" daemon [_thread_blocked, id=2664, stack(0x000000fb80e00000,0x000000fb80f00000)]
  0x00000235fd9d8de0 JavaThread "C2 CompilerThread0" daemon [_thread_in_native, id=4184, stack(0x000000fb80f00000,0x000000fb81000000)]
  0x00000235fda04c90 JavaThread "C1 CompilerThread0" daemon [_thread_blocked, id=11064, stack(0x000000fb81000000,0x000000fb81100000)]
  0x00000235fdc50f90 JavaThread "Notification Thread" daemon [_thread_blocked, id=13300, stack(0x000000fb81100000,0x000000fb81200000)]
  0x00000235fdc59280 JavaThread "Common-Cleaner" daemon [_thread_blocked, id=13140, stack(0x000000fb81300000,0x000000fb81400000)]
=>0x00000235ff1b6030 JavaThread "C2 CompilerThread1" daemon [_thread_in_native, id=2460, stack(0x000000fb81700000,0x000000fb81800000)]

Other Threads:
  0x00000235fd9ace40 VMThread "VM Thread" [stack: 0x000000fb80800000,0x000000fb80900000] [id=4000]
  0x00000235fdc51dc0 WatcherThread "VM Periodic Task Thread" [stack: 0x000000fb81200000,0x000000fb81300000] [id=296]
  0x00000235f093e0c0 WorkerThread "GC Thread#0" [stack: 0x000000fb80300000,0x000000fb80400000] [id=13276]
  0x00000235fe730d90 WorkerThread "GC Thread#1" [stack: 0x000000fb81400000,0x000000fb81500000] [id=2508]
  0x00000235fe5b6cf0 WorkerThread "GC Thread#2" [stack: 0x000000fb81500000,0x000000fb81600000] [id=9200]
  0x00000235fe5b6fc0 WorkerThread "GC Thread#3" [stack: 0x000000fb81600000,0x000000fb81700000] [id=13840]
  0x00000235f094ec70 ConcurrentGCThread "G1 Main Marker" [stack: 0x000000fb80400000,0x000000fb80500000] [id=644]
  0x00000235f094fe40 WorkerThread "G1 Conc#0" [stack: 0x000000fb80500000,0x000000fb80600000] [id=424]
  0x00000235f09ae2e0 ConcurrentGCThread "G1 Refine#0" [stack: 0x000000fb80600000,0x000000fb80700000] [id=5804]
  0x00000235f09ae990 ConcurrentGCThread "G1 Service" [stack: 0x000000fb80700000,0x000000fb80800000] [id=3376]

Threads with active compile tasks:
C2 CompilerThread0     9461 4424       4       org.apache.maven.model.inheritance.DefaultInheritanceAssembler$InheritanceModelMerger::mergePluginContainer_Plugins (430 bytes)
C2 CompilerThread1     9461 4609   !   4       com.google.inject.spi.InjectionPoint::getInjectionPoints (489 bytes)

VM state: not at safepoint (normal execution)

VM Mutex/Monitor currently owned by a thread: None

Heap address: 0x0000000082800000, size: 2008 MB, Compressed Oops mode: 32-bit

CDS archive(s) mapped at: [0x0000000800000000-0x0000000800c60000-0x0000000800c60000), size 12976128, SharedBaseAddress: 0x0000000800000000, ArchiveRelocationMode: 0.
Compressed class space mapped at: 0x0000000801000000-0x0000000841000000, reserved size: 1073741824
Narrow klass base: 0x0000000800000000, Narrow klass shift: 0, Narrow klass range: 0x100000000

GC Precious Log:
 CardTable entry size: 512
 Card Set container configuration: InlinePtr #cards 5 size 8 Array Of Cards #cards 12 size 40 Howl #buckets 4 coarsen threshold 1843 Howl Bitmap #cards 512 size 80 coarsen threshold 460 Card regions per heap region 1 cards per card region 2048
 CPUs: 4 total, 4 available
 Memory: 8027M
 Large Page Support: Disabled
 NUMA Support: Disabled
 Compressed Oops: Enabled (32-bit)
 Heap Region Size: 1M
 Heap Min Capacity: 8M
 Heap Initial Capacity: 126M
 Heap Max Capacity: 2008M
 Pre-touch: Disabled
 Parallel Workers: 4
 Concurrent Workers: 1
 Concurrent Refinement Workers: 4
 Periodic GC: Disabled

Heap:
 garbage-first heap   total 129024K, used 69260K [0x0000000082800000, 0x0000000100000000)
  region size 1024K, 57 young (58368K), 6 survivors (6144K)
 Metaspace       used 17488K, committed 17856K, reserved 1114112K
  class space    used 1901K, committed 2048K, reserved 1048576K

Heap Regions: E=young(eden), S=young(survivor), O=old, HS=humongous(starts), HC=humongous(continues), CS=collection set, F=free, OA=open archive, CA=closed archive, TAMS=top-at-mark-start, PB=parsable bottom
|   0|0x0000000082800000, 0x0000000082900000, 0x0000000082900000|100%| O|  |TAMS 0x0000000082800000| PB 0x0000000082800000| Untracked 
|   1|0x0000000082900000, 0x0000000082a00000, 0x0000000082a00000|100%| O|  |TAMS 0x0000000082900000| PB 0x0000000082900000| Untracked 
|   2|0x0000000082a00000, 0x0000000082b00000, 0x0000000082b00000|100%| O|  |TAMS 0x0000000082a00000| PB 0x0000000082a00000| Untracked 
|   3|0x0000000082b00000, 0x0000000082c00000, 0x0000000082c00000|100%| O|  |TAMS 0x0000000082b00000| PB 0x0000000082b00000| Untracked 
|   4|0x0000000082c00000, 0x0000000082d00000, 0x0000000082d00000|100%| O|  |TAMS 0x0000000082c00000| PB 0x0000000082c00000| Untracked 
|   5|0x0000000082d00000, 0x0000000082e00000, 0x0000000082e00000|100%| O|  |TAMS 0x0000000082d00000| PB 0x0000000082d00000| Untracked 
|   6|0x0000000082e00000, 0x0000000082f00000, 0x0000000082f00000|100%| O|  |TAMS 0x0000000082e00000| PB 0x0000000082e00000| Untracked 
|   7|0x0000000082f00000, 0x0000000083000000, 0x0000000083000000|100%| O|  |TAMS 0x0000000082f00000| PB 0x0000000082f00000| Untracked 
|   8|0x0000000083000000, 0x0000000083100000, 0x0000000083100000|100%| O|  |TAMS 0x0000000083000000| PB 0x0000000083000000| Untracked 
|   9|0x0000000083100000, 0x0000000083200000, 0x0000000083200000|100%| O|  |TAMS 0x0000000083100000| PB 0x0000000083100000| Untracked 
|  10|0x0000000083200000, 0x0000000083300000, 0x0000000083300000|100%| O|  |TAMS 0x0000000083200000| PB 0x0000000083200000| Untracked 
|  11|0x0000000083300000, 0x0000000083400000, 0x0000000083400000|100%| O|  |TAMS 0x0000000083300000| PB 0x0000000083300000| Untracked 
|  12|0x0000000083400000, 0x000000008342d800, 0x0000000083500000| 17%| O|  |TAMS 0x0000000083400000| PB 0x0000000083400000| Untracked 
|  13|0x0000000083500000, 0x0000000083500000, 0x0000000083600000|  0%| F|  |TAMS 0x0000000083500000| PB 0x0000000083500000| Untracked 
|  14|0x0000000083600000, 0x0000000083600000, 0x0000000083700000|  0%| F|  |TAMS 0x0000000083600000| PB 0x0000000083600000| Untracked 
|  15|0x0000000083700000, 0x0000000083700000, 0x0000000083800000|  0%| F|  |TAMS 0x0000000083700000| PB 0x0000000083700000| Untracked 
|  16|0x0000000083800000, 0x0000000083800000, 0x0000000083900000|  0%| F|  |TAMS 0x0000000083800000| PB 0x0000000083800000| Untracked 
|  17|0x0000000083900000, 0x0000000083900000, 0x0000000083a00000|  0%| F|  |TAMS 0x0000000083900000| PB 0x0000000083900000| Untracked 
|  18|0x0000000083a00000, 0x0000000083a00000, 0x0000000083b00000|  0%| F|  |TAMS 0x0000000083a00000| PB 0x0000000083a00000| Untracked 
|  19|0x0000000083b00000, 0x0000000083b00000, 0x0000000083c00000|  0%| F|  |TAMS 0x0000000083b00000| PB 0x0000000083b00000| Untracked 
|  20|0x0000000083c00000, 0x0000000083c00000, 0x0000000083d00000|  0%| F|  |TAMS 0x0000000083c00000| PB 0x0000000083c00000| Untracked 
|  21|0x0000000083d00000, 0x0000000083d00000, 0x0000000083e00000|  0%| F|  |TAMS 0x0000000083d00000| PB 0x0000000083d00000| Untracked 
|  22|0x0000000083e00000, 0x0000000083e00000, 0x0000000083f00000|  0%| F|  |TAMS 0x0000000083e00000| PB 0x0000000083e00000| Untracked 
|  23|0x0000000083f00000, 0x0000000083f00000, 0x0000000084000000|  0%| F|  |TAMS 0x0000000083f00000| PB 0x0000000083f00000| Untracked 
|  24|0x0000000084000000, 0x0000000084000000, 0x0000000084100000|  0%| F|  |TAMS 0x0000000084000000| PB 0x0000000084000000| Untracked 
|  25|0x0000000084100000, 0x0000000084100000, 0x0000000084200000|  0%| F|  |TAMS 0x0000000084100000| PB 0x0000000084100000| Untracked 
|  26|0x0000000084200000, 0x0000000084200000, 0x0000000084300000|  0%| F|  |TAMS 0x0000000084200000| PB 0x0000000084200000| Untracked 
|  27|0x0000000084300000, 0x0000000084300000, 0x0000000084400000|  0%| F|  |TAMS 0x0000000084300000| PB 0x0000000084300000| Untracked 
|  28|0x0000000084400000, 0x0000000084400000, 0x0000000084500000|  0%| F|  |TAMS 0x0000000084400000| PB 0x0000000084400000| Untracked 
|  29|0x0000000084500000, 0x0000000084500000, 0x0000000084600000|  0%| F|  |TAMS 0x0000000084500000| PB 0x0000000084500000| Untracked 
|  30|0x0000000084600000, 0x0000000084600000, 0x0000000084700000|  0%| F|  |TAMS 0x0000000084600000| PB 0x0000000084600000| Untracked 
|  31|0x0000000084700000, 0x0000000084700000, 0x0000000084800000|  0%| F|  |TAMS 0x0000000084700000| PB 0x0000000084700000| Untracked 
|  32|0x0000000084800000, 0x0000000084800000, 0x0000000084900000|  0%| F|  |TAMS 0x0000000084800000| PB 0x0000000084800000| Untracked 
|  33|0x0000000084900000, 0x0000000084900000, 0x0000000084a00000|  0%| F|  |TAMS 0x0000000084900000| PB 0x0000000084900000| Untracked 
|  34|0x0000000084a00000, 0x0000000084a00000, 0x0000000084b00000|  0%| F|  |TAMS 0x0000000084a00000| PB 0x0000000084a00000| Untracked 
|  35|0x0000000084b00000, 0x0000000084b00000, 0x0000000084c00000|  0%| F|  |TAMS 0x0000000084b00000| PB 0x0000000084b00000| Untracked 
|  36|0x0000000084c00000, 0x0000000084c00000, 0x0000000084d00000|  0%| F|  |TAMS 0x0000000084c00000| PB 0x0000000084c00000| Untracked 
|  37|0x0000000084d00000, 0x0000000084d00000, 0x0000000084e00000|  0%| F|  |TAMS 0x0000000084d00000| PB 0x0000000084d00000| Untracked 
|  38|0x0000000084e00000, 0x0000000084e00000, 0x0000000084f00000|  0%| F|  |TAMS 0x0000000084e00000| PB 0x0000000084e00000| Untracked 
|  39|0x0000000084f00000, 0x0000000084f00000, 0x0000000085000000|  0%| F|  |TAMS 0x0000000084f00000| PB 0x0000000084f00000| Untracked 
|  40|0x0000000085000000, 0x0000000085000000, 0x0000000085100000|  0%| F|  |TAMS 0x0000000085000000| PB 0x0000000085000000| Untracked 
|  41|0x0000000085100000, 0x0000000085100000, 0x0000000085200000|  0%| F|  |TAMS 0x0000000085100000| PB 0x0000000085100000| Untracked 
|  42|0x0000000085200000, 0x0000000085200000, 0x0000000085300000|  0%| F|  |TAMS 0x0000000085200000| PB 0x0000000085200000| Untracked 
|  43|0x0000000085300000, 0x0000000085300000, 0x0000000085400000|  0%| F|  |TAMS 0x0000000085300000| PB 0x0000000085300000| Untracked 
|  44|0x0000000085400000, 0x0000000085400000, 0x0000000085500000|  0%| F|  |TAMS 0x0000000085400000| PB 0x0000000085400000| Untracked 
|  45|0x0000000085500000, 0x0000000085500000, 0x0000000085600000|  0%| F|  |TAMS 0x0000000085500000| PB 0x0000000085500000| Untracked 
|  46|0x0000000085600000, 0x0000000085600000, 0x0000000085700000|  0%| F|  |TAMS 0x0000000085600000| PB 0x0000000085600000| Untracked 
|  47|0x0000000085700000, 0x0000000085700000, 0x0000000085800000|  0%| F|  |TAMS 0x0000000085700000| PB 0x0000000085700000| Untracked 
|  48|0x0000000085800000, 0x0000000085800000, 0x0000000085900000|  0%| F|  |TAMS 0x0000000085800000| PB 0x0000000085800000| Untracked 
|  49|0x0000000085900000, 0x0000000085900000, 0x0000000085a00000|  0%| F|  |TAMS 0x0000000085900000| PB 0x0000000085900000| Untracked 
|  50|0x0000000085a00000, 0x0000000085a00000, 0x0000000085b00000|  0%| F|  |TAMS 0x0000000085a00000| PB 0x0000000085a00000| Untracked 
|  51|0x0000000085b00000, 0x0000000085b00000, 0x0000000085c00000|  0%| F|  |TAMS 0x0000000085b00000| PB 0x0000000085b00000| Untracked 
|  52|0x0000000085c00000, 0x0000000085c00000, 0x0000000085d00000|  0%| F|  |TAMS 0x0000000085c00000| PB 0x0000000085c00000| Untracked 
|  53|0x0000000085d00000, 0x0000000085d00000, 0x0000000085e00000|  0%| F|  |TAMS 0x0000000085d00000| PB 0x0000000085d00000| Untracked 
|  54|0x0000000085e00000, 0x0000000085e00000, 0x0000000085f00000|  0%| F|  |TAMS 0x0000000085e00000| PB 0x0000000085e00000| Untracked 
|  55|0x0000000085f00000, 0x0000000085f75b88, 0x0000000086000000| 45%| S|CS|TAMS 0x0000000085f00000| PB 0x0000000085f00000| Complete 
|  56|0x0000000086000000, 0x0000000086100000, 0x0000000086100000|100%| S|CS|TAMS 0x0000000086000000| PB 0x0000000086000000| Complete 
|  57|0x0000000086100000, 0x0000000086200000, 0x0000000086200000|100%| S|CS|TAMS 0x0000000086100000| PB 0x0000000086100000| Complete 
|  58|0x0000000086200000, 0x0000000086300000, 0x0000000086300000|100%| S|CS|TAMS 0x0000000086200000| PB 0x0000000086200000| Complete 
|  59|0x0000000086300000, 0x0000000086400000, 0x0000000086400000|100%| S|CS|TAMS 0x0000000086300000| PB 0x0000000086300000| Complete 
|  60|0x0000000086400000, 0x0000000086500000, 0x0000000086500000|100%| S|CS|TAMS 0x0000000086400000| PB 0x0000000086400000| Complete 
|  61|0x0000000086500000, 0x0000000086500000, 0x0000000086600000|  0%| F|  |TAMS 0x0000000086500000| PB 0x0000000086500000| Untracked 
|  62|0x0000000086600000, 0x0000000086600000, 0x0000000086700000|  0%| F|  |TAMS 0x0000000086600000| PB 0x0000000086600000| Untracked 
|  63|0x0000000086700000, 0x0000000086700000, 0x0000000086800000|  0%| F|  |TAMS 0x0000000086700000| PB 0x0000000086700000| Untracked 
|  64|0x0000000086800000, 0x0000000086800000, 0x0000000086900000|  0%| F|  |TAMS 0x0000000086800000| PB 0x0000000086800000| Untracked 
|  65|0x0000000086900000, 0x0000000086900000, 0x0000000086a00000|  0%| F|  |TAMS 0x0000000086900000| PB 0x0000000086900000| Untracked 
|  66|0x0000000086a00000, 0x0000000086a00000, 0x0000000086b00000|  0%| F|  |TAMS 0x0000000086a00000| PB 0x0000000086a00000| Untracked 
|  67|0x0000000086b00000, 0x0000000086b00000, 0x0000000086c00000|  0%| F|  |TAMS 0x0000000086b00000| PB 0x0000000086b00000| Untracked 
|  68|0x0000000086c00000, 0x0000000086c00000, 0x0000000086d00000|  0%| F|  |TAMS 0x0000000086c00000| PB 0x0000000086c00000| Untracked 
|  69|0x0000000086d00000, 0x0000000086d00000, 0x0000000086e00000|  0%| F|  |TAMS 0x0000000086d00000| PB 0x0000000086d00000| Untracked 
|  70|0x0000000086e00000, 0x0000000086e00000, 0x0000000086f00000|  0%| F|  |TAMS 0x0000000086e00000| PB 0x0000000086e00000| Untracked 
|  71|0x0000000086f00000, 0x0000000086f00000, 0x0000000087000000|  0%| F|  |TAMS 0x0000000086f00000| PB 0x0000000086f00000| Untracked 
|  72|0x0000000087000000, 0x0000000087000000, 0x0000000087100000|  0%| F|  |TAMS 0x0000000087000000| PB 0x0000000087000000| Untracked 
|  73|0x0000000087100000, 0x0000000087100000, 0x0000000087200000|  0%| F|  |TAMS 0x0000000087100000| PB 0x0000000087100000| Untracked 
|  74|0x0000000087200000, 0x0000000087200000, 0x0000000087300000|  0%| F|  |TAMS 0x0000000087200000| PB 0x0000000087200000| Untracked 
|  75|0x0000000087300000, 0x0000000087400000, 0x0000000087400000|100%| E|  |TAMS 0x0000000087300000| PB 0x0000000087300000| Complete 
|  76|0x0000000087400000, 0x0000000087500000, 0x0000000087500000|100%| E|CS|TAMS 0x0000000087400000| PB 0x0000000087400000| Complete 
|  77|0x0000000087500000, 0x0000000087600000, 0x0000000087600000|100%| E|CS|TAMS 0x0000000087500000| PB 0x0000000087500000| Complete 
|  78|0x0000000087600000, 0x0000000087700000, 0x0000000087700000|100%| E|CS|TAMS 0x0000000087600000| PB 0x0000000087600000| Complete 
|  79|0x0000000087700000, 0x0000000087800000, 0x0000000087800000|100%| E|CS|TAMS 0x0000000087700000| PB 0x0000000087700000| Complete 
|  80|0x0000000087800000, 0x0000000087900000, 0x0000000087900000|100%| E|CS|TAMS 0x0000000087800000| PB 0x0000000087800000| Complete 
|  81|0x0000000087900000, 0x0000000087a00000, 0x0000000087a00000|100%| E|CS|TAMS 0x0000000087900000| PB 0x0000000087900000| Complete 
|  82|0x0000000087a00000, 0x0000000087b00000, 0x0000000087b00000|100%| E|CS|TAMS 0x0000000087a00000| PB 0x0000000087a00000| Complete 
|  83|0x0000000087b00000, 0x0000000087c00000, 0x0000000087c00000|100%| E|CS|TAMS 0x0000000087b00000| PB 0x0000000087b00000| Complete 
|  84|0x0000000087c00000, 0x0000000087d00000, 0x0000000087d00000|100%| E|CS|TAMS 0x0000000087c00000| PB 0x0000000087c00000| Complete 
|  85|0x0000000087d00000, 0x0000000087e00000, 0x0000000087e00000|100%| E|CS|TAMS 0x0000000087d00000| PB 0x0000000087d00000| Complete 
|  86|0x0000000087e00000, 0x0000000087f00000, 0x0000000087f00000|100%| E|CS|TAMS 0x0000000087e00000| PB 0x0000000087e00000| Complete 
|  87|0x0000000087f00000, 0x0000000088000000, 0x0000000088000000|100%| E|CS|TAMS 0x0000000087f00000| PB 0x0000000087f00000| Complete 
|  88|0x0000000088000000, 0x0000000088100000, 0x0000000088100000|100%| E|CS|TAMS 0x0000000088000000| PB 0x0000000088000000| Complete 
|  89|0x0000000088100000, 0x0000000088200000, 0x0000000088200000|100%| E|CS|TAMS 0x0000000088100000| PB 0x0000000088100000| Complete 
|  90|0x0000000088200000, 0x0000000088300000, 0x0000000088300000|100%| E|CS|TAMS 0x0000000088200000| PB 0x0000000088200000| Complete 
|  91|0x0000000088300000, 0x0000000088400000, 0x0000000088400000|100%| E|CS|TAMS 0x0000000088300000| PB 0x0000000088300000| Complete 
|  92|0x0000000088400000, 0x0000000088500000, 0x0000000088500000|100%| E|CS|TAMS 0x0000000088400000| PB 0x0000000088400000| Complete 
|  93|0x0000000088500000, 0x0000000088600000, 0x0000000088600000|100%| E|CS|TAMS 0x0000000088500000| PB 0x0000000088500000| Complete 
|  94|0x0000000088600000, 0x0000000088700000, 0x0000000088700000|100%| E|CS|TAMS 0x0000000088600000| PB 0x0000000088600000| Complete 
|  95|0x0000000088700000, 0x0000000088800000, 0x0000000088800000|100%| E|CS|TAMS 0x0000000088700000| PB 0x0000000088700000| Complete 
|  96|0x0000000088800000, 0x0000000088900000, 0x0000000088900000|100%| E|CS|TAMS 0x0000000088800000| PB 0x0000000088800000| Complete 
|  97|0x0000000088900000, 0x0000000088a00000, 0x0000000088a00000|100%| E|CS|TAMS 0x0000000088900000| PB 0x0000000088900000| Complete 
|  98|0x0000000088a00000, 0x0000000088b00000, 0x0000000088b00000|100%| E|CS|TAMS 0x0000000088a00000| PB 0x0000000088a00000| Complete 
|  99|0x0000000088b00000, 0x0000000088c00000, 0x0000000088c00000|100%| E|CS|TAMS 0x0000000088b00000| PB 0x0000000088b00000| Complete 
| 100|0x0000000088c00000, 0x0000000088d00000, 0x0000000088d00000|100%| E|CS|TAMS 0x0000000088c00000| PB 0x0000000088c00000| Complete 
| 101|0x0000000088d00000, 0x0000000088e00000, 0x0000000088e00000|100%| E|CS|TAMS 0x0000000088d00000| PB 0x0000000088d00000| Complete 
| 102|0x0000000088e00000, 0x0000000088f00000, 0x0000000088f00000|100%| E|CS|TAMS 0x0000000088e00000| PB 0x0000000088e00000| Complete 
| 103|0x0000000088f00000, 0x0000000089000000, 0x0000000089000000|100%| E|CS|TAMS 0x0000000088f00000| PB 0x0000000088f00000| Complete 
| 104|0x0000000089000000, 0x0000000089100000, 0x0000000089100000|100%| E|CS|TAMS 0x0000000089000000| PB 0x0000000089000000| Complete 
| 105|0x0000000089100000, 0x0000000089200000, 0x0000000089200000|100%| E|CS|TAMS 0x0000000089100000| PB 0x0000000089100000| Complete 
| 106|0x0000000089200000, 0x0000000089300000, 0x0000000089300000|100%| E|CS|TAMS 0x0000000089200000| PB 0x0000000089200000| Complete 
| 107|0x0000000089300000, 0x0000000089400000, 0x0000000089400000|100%| E|CS|TAMS 0x0000000089300000| PB 0x0000000089300000| Complete 
| 108|0x0000000089400000, 0x0000000089500000, 0x0000000089500000|100%| E|CS|TAMS 0x0000000089400000| PB 0x0000000089400000| Complete 
| 109|0x0000000089500000, 0x0000000089600000, 0x0000000089600000|100%| E|CS|TAMS 0x0000000089500000| PB 0x0000000089500000| Complete 
| 110|0x0000000089600000, 0x0000000089700000, 0x0000000089700000|100%| E|CS|TAMS 0x0000000089600000| PB 0x0000000089600000| Complete 
| 111|0x0000000089700000, 0x0000000089800000, 0x0000000089800000|100%| E|CS|TAMS 0x0000000089700000| PB 0x0000000089700000| Complete 
| 112|0x0000000089800000, 0x0000000089900000, 0x0000000089900000|100%| E|CS|TAMS 0x0000000089800000| PB 0x0000000089800000| Complete 
| 113|0x0000000089900000, 0x0000000089a00000, 0x0000000089a00000|100%| E|CS|TAMS 0x0000000089900000| PB 0x0000000089900000| Complete 
| 114|0x0000000089a00000, 0x0000000089b00000, 0x0000000089b00000|100%| E|CS|TAMS 0x0000000089a00000| PB 0x0000000089a00000| Complete 
| 115|0x0000000089b00000, 0x0000000089c00000, 0x0000000089c00000|100%| E|CS|TAMS 0x0000000089b00000| PB 0x0000000089b00000| Complete 
| 116|0x0000000089c00000, 0x0000000089d00000, 0x0000000089d00000|100%| E|CS|TAMS 0x0000000089c00000| PB 0x0000000089c00000| Complete 
| 117|0x0000000089d00000, 0x0000000089e00000, 0x0000000089e00000|100%| E|CS|TAMS 0x0000000089d00000| PB 0x0000000089d00000| Complete 
| 118|0x0000000089e00000, 0x0000000089f00000, 0x0000000089f00000|100%| E|CS|TAMS 0x0000000089e00000| PB 0x0000000089e00000| Complete 
| 119|0x0000000089f00000, 0x000000008a000000, 0x000000008a000000|100%| E|CS|TAMS 0x0000000089f00000| PB 0x0000000089f00000| Complete 
| 120|0x000000008a000000, 0x000000008a100000, 0x000000008a100000|100%| E|CS|TAMS 0x000000008a000000| PB 0x000000008a000000| Complete 
| 121|0x000000008a100000, 0x000000008a200000, 0x000000008a200000|100%| E|CS|TAMS 0x000000008a100000| PB 0x000000008a100000| Complete 
| 122|0x000000008a200000, 0x000000008a300000, 0x000000008a300000|100%| E|CS|TAMS 0x000000008a200000| PB 0x000000008a200000| Complete 
| 123|0x000000008a300000, 0x000000008a400000, 0x000000008a400000|100%| E|CS|TAMS 0x000000008a300000| PB 0x000000008a300000| Complete 
| 124|0x000000008a400000, 0x000000008a500000, 0x000000008a500000|100%| E|CS|TAMS 0x000000008a400000| PB 0x000000008a400000| Complete 
| 125|0x000000008a500000, 0x000000008a600000, 0x000000008a600000|100%| E|CS|TAMS 0x000000008a500000| PB 0x000000008a500000| Complete 

Card table byte_map: [0x00000235f8d90000,0x00000235f9180000] _byte_map_base: 0x00000235f897c000

Marking Bits: (CMBitMap*) 0x00000235f093e6f0
 Bits: [0x00000235f9570000, 0x00000235fb4d0000)

Polling page: 0x00000235ee7a0000

Metaspace:

Usage:
  Non-class:     15.22 MB used.
      Class:      1.86 MB used.
       Both:     17.08 MB used.

Virtual space:
  Non-class space:       64.00 MB reserved,      15.44 MB ( 24%) committed,  1 nodes.
      Class space:        1.00 GB reserved,       2.00 MB ( <1%) committed,  1 nodes.
             Both:        1.06 GB reserved,      17.44 MB (  2%) committed. 

Chunk freelists:
   Non-Class:  484.00 KB
       Class:  2.01 MB
        Both:  2.48 MB

MaxMetaspaceSize: unlimited
CompressedClassSpaceSize: 1.00 GB
Initial GC threshold: 21.00 MB
Current GC threshold: 21.00 MB
CDS: on
MetaspaceReclaimPolicy: balanced
 - commit_granule_bytes: 65536.
 - commit_granule_words: 8192.
 - virtual_space_node_default_size: 8388608.
 - enlarge_chunks_in_place: 1.
 - new_chunks_are_fully_committed: 0.
 - uncommit_free_chunks: 1.
 - use_allocation_guard: 0.


Internal statistics:

num_allocs_failed_limit: 0.
num_arena_births: 290.
num_arena_deaths: 0.
num_vsnodes_births: 2.
num_vsnodes_deaths: 0.
num_space_committed: 279.
num_space_uncommitted: 0.
num_chunks_returned_to_freelist: 0.
num_chunks_taken_from_freelist: 860.
num_chunk_merges: 0.
num_chunk_splits: 632.
num_chunks_enlarged: 519.
num_inconsistent_stats: 0.

CodeHeap 'non-profiled nmethods': size=120000Kb used=2354Kb max_used=2354Kb free=117645Kb
 bounds [0x0000023587ad0000, 0x0000023587d40000, 0x000002358f000000]
CodeHeap 'profiled nmethods': size=120000Kb used=9819Kb max_used=9819Kb free=110180Kb
 bounds [0x0000023580000000, 0x00000235809a0000, 0x0000023587530000]
CodeHeap 'non-nmethods': size=5760Kb used=1466Kb max_used=1498Kb free=4293Kb
 bounds [0x0000023587530000, 0x00000235877a0000, 0x0000023587ad0000]
 total_blobs=5169 nmethods=4674 adapters=405
 compilation: enabled
              stopped_count=0, restarted_count=0
 full_count=0

Compilation events (20 events):
Event: 9.129 Thread 0x00000235fda04c90 4661       3       java.lang.ProcessEnvironment$CheckedEntry::getKey (5 bytes)
Event: 9.129 Thread 0x00000235fda04c90 nmethod 4661 0x0000023580991910 code [0x0000023580991ac0, 0x0000023580991de0]
Event: 9.130 Thread 0x00000235fda04c90 4663       3       java.lang.ProcessEnvironment$NameComparator::compare (90 bytes)
Event: 9.131 Thread 0x00000235fda04c90 nmethod 4663 0x0000023580991f10 code [0x0000023580992200, 0x0000023580993468]
Event: 9.131 Thread 0x00000235fda04c90 4662       3       java.lang.ProcessEnvironment$CheckedEntry::getKey (13 bytes)
Event: 9.131 Thread 0x00000235fda04c90 nmethod 4662 0x0000023580993c90 code [0x0000023580993e20, 0x00000235809940e0]
Event: 9.131 Thread 0x00000235fda04c90 4664       3       java.lang.ProcessEnvironment$EntryComparator::compare (13 bytes)
Event: 9.132 Thread 0x00000235fda04c90 nmethod 4664 0x0000023580994190 code [0x0000023580994380, 0x0000023580994ac0]
Event: 9.132 Thread 0x00000235fda04c90 4665       3       java.lang.ProcessEnvironment$EntryComparator::compare (25 bytes)
Event: 9.132 Thread 0x00000235fda04c90 nmethod 4665 0x0000023580994c90 code [0x0000023580994e60, 0x0000023580995328]
Event: 9.142 Thread 0x00000235fda04c90 4666       3       java.lang.invoke.MemberName::isCallerSensitive (8 bytes)
Event: 9.143 Thread 0x00000235fda04c90 nmethod 4666 0x0000023580995490 code [0x0000023580995620, 0x00000235809957f8]
Event: 9.149 Thread 0x00000235fda04c90 4671       3       java.util.ImmutableCollections$Set12::iterator (9 bytes)
Event: 9.150 Thread 0x00000235fda04c90 nmethod 4671 0x0000023580995890 code [0x0000023580995a40, 0x0000023580995d30]
Event: 9.150 Thread 0x00000235fda04c90 4672       3       java.util.ImmutableCollections$Set12$1::<init> (32 bytes)
Event: 9.150 Thread 0x00000235fda04c90 nmethod 4672 0x0000023580995e10 code [0x0000023580995fa0, 0x00000235809961d8]
Event: 9.150 Thread 0x00000235fda04c90 4674       3       jdk.internal.org.objectweb.asm.AnnotationWriter::create (34 bytes)
Event: 9.151 Thread 0x00000235fda04c90 nmethod 4674 0x0000023580996310 code [0x00000235809964e0, 0x0000023580996968]
Event: 9.154 Thread 0x00000235fda04c90 4675       3       java.lang.invoke.MethodType::changeReturnType (20 bytes)
Event: 9.154 Thread 0x00000235fda04c90 nmethod 4675 0x0000023580996b90 code [0x0000023580996d20, 0x0000023580996ee8]

GC Heap History (8 events):
Event: 1.538 GC heap before
{Heap before GC invocations=0 (full 0):
 garbage-first heap   total 129024K, used 13312K [0x0000000082800000, 0x0000000100000000)
  region size 1024K, 13 young (13312K), 0 survivors (0K)
 Metaspace       used 4122K, committed 4288K, reserved 1114112K
  class space    used 420K, committed 512K, reserved 1048576K
}
Event: 1.545 GC heap after
{Heap after GC invocations=1 (full 0):
 garbage-first heap   total 129024K, used 3413K [0x0000000082800000, 0x0000000100000000)
  region size 1024K, 2 young (2048K), 2 survivors (2048K)
 Metaspace       used 4122K, committed 4288K, reserved 1114112K
  class space    used 420K, committed 512K, reserved 1048576K
}
Event: 2.124 GC heap before
{Heap before GC invocations=1 (full 0):
 garbage-first heap   total 129024K, used 17749K [0x0000000082800000, 0x0000000100000000)
  region size 1024K, 16 young (16384K), 2 survivors (2048K)
 Metaspace       used 6128K, committed 6336K, reserved 1114112K
  class space    used 695K, committed 768K, reserved 1048576K
}
Event: 2.130 GC heap after
{Heap after GC invocations=2 (full 0):
 garbage-first heap   total 129024K, used 4437K [0x0000000082800000, 0x0000000100000000)
  region size 1024K, 1 young (1024K), 1 survivors (1024K)
 Metaspace       used 6128K, committed 6336K, reserved 1114112K
  class space    used 695K, committed 768K, reserved 1048576K
}
Event: 5.429 GC heap before
{Heap before GC invocations=2 (full 0):
 garbage-first heap   total 129024K, used 79189K [0x0000000082800000, 0x0000000100000000)
  region size 1024K, 75 young (76800K), 1 survivors (1024K)
 Metaspace       used 13696K, committed 14016K, reserved 1114112K
  class space    used 1532K, committed 1664K, reserved 1048576K
}
Event: 5.448 GC heap after
{Heap after GC invocations=3 (full 0):
 garbage-first heap   total 129024K, used 13309K [0x0000000082800000, 0x0000000100000000)
  region size 1024K, 10 young (10240K), 10 survivors (10240K)
 Metaspace       used 13696K, committed 14016K, reserved 1114112K
  class space    used 1532K, committed 1664K, reserved 1048576K
}
Event: 7.735 GC heap before
{Heap before GC invocations=3 (full 0):
 garbage-first heap   total 129024K, used 79869K [0x0000000082800000, 0x0000000100000000)
  region size 1024K, 75 young (76800K), 10 survivors (10240K)
 Metaspace       used 15667K, committed 16000K, reserved 1114112K
  class space    used 1672K, committed 1792K, reserved 1048576K
}
Event: 7.755 GC heap after
{Heap after GC invocations=4 (full 0):
 garbage-first heap   total 129024K, used 18060K [0x0000000082800000, 0x0000000100000000)
  region size 1024K, 6 young (6144K), 6 survivors (6144K)
 Metaspace       used 15667K, committed 16000K, reserved 1114112K
  class space    used 1672K, committed 1792K, reserved 1048576K
}

Dll operation events (8 events):
Event: 0.012 Loaded shared library C:\Program Files\Java\jdk-20\bin\java.dll
Event: 0.027 Loaded shared library C:\Program Files\Java\jdk-20\bin\jsvml.dll
Event: 0.107 Loaded shared library C:\Program Files\Java\jdk-20\bin\net.dll
Event: 0.110 Loaded shared library C:\Program Files\Java\jdk-20\bin\nio.dll
Event: 0.116 Loaded shared library C:\Program Files\Java\jdk-20\bin\zip.dll
Event: 0.121 Loaded shared library C:\Program Files\Java\jdk-20\bin\verify.dll
Event: 0.127 Loaded shared library C:\Program Files\Java\jdk-20\bin\jimage.dll
Event: 0.970 Loaded shared library C:\Users\HELEN\AppData\Local\Temp\jansi-1.17.1-5650822380291037204.dll

Deoptimization events (20 events):
Event: 9.027 Thread 0x00000235f08e1710 Uncommon trap: trap_request=0xffffffde fr.pc=0x0000023587b7d39c relative=0x000000000000043c
Event: 9.027 Thread 0x00000235f08e1710 Uncommon trap: reason=class_check action=maybe_recompile pc=0x0000023587b7d39c method=com.google.inject.internal.MoreTypes.getRawType(Ljava/lang/reflect/Type;)Ljava/lang/Class; @ 13 c2
Event: 9.027 Thread 0x00000235f08e1710 DEOPT PACKING pc=0x0000023587b7d39c sp=0x000000fb802fdb20
Event: 9.027 Thread 0x00000235f08e1710 DEOPT UNPACKING pc=0x0000023587599d1c sp=0x000000fb802fda68 mode 2
Event: 9.027 Thread 0x00000235f08e1710 Uncommon trap: trap_request=0xffffffde fr.pc=0x0000023587b7d39c relative=0x000000000000043c
Event: 9.027 Thread 0x00000235f08e1710 Uncommon trap: reason=class_check action=maybe_recompile pc=0x0000023587b7d39c method=com.google.inject.internal.MoreTypes.getRawType(Ljava/lang/reflect/Type;)Ljava/lang/Class; @ 13 c2
Event: 9.027 Thread 0x00000235f08e1710 DEOPT PACKING pc=0x0000023587b7d39c sp=0x000000fb802fdb20
Event: 9.027 Thread 0x00000235f08e1710 DEOPT UNPACKING pc=0x0000023587599d1c sp=0x000000fb802fda68 mode 2
Event: 9.029 Thread 0x00000235f08e1710 Uncommon trap: trap_request=0xffffffde fr.pc=0x0000023587b7d39c relative=0x000000000000043c
Event: 9.029 Thread 0x00000235f08e1710 Uncommon trap: reason=class_check action=maybe_recompile pc=0x0000023587b7d39c method=com.google.inject.internal.MoreTypes.getRawType(Ljava/lang/reflect/Type;)Ljava/lang/Class; @ 13 c2
Event: 9.029 Thread 0x00000235f08e1710 DEOPT PACKING pc=0x0000023587b7d39c sp=0x000000fb802fdb20
Event: 9.029 Thread 0x00000235f08e1710 DEOPT UNPACKING pc=0x0000023587599d1c sp=0x000000fb802fda68 mode 2
Event: 9.030 Thread 0x00000235f08e1710 Uncommon trap: trap_request=0xffffffde fr.pc=0x0000023587b7d39c relative=0x000000000000043c
Event: 9.030 Thread 0x00000235f08e1710 Uncommon trap: reason=class_check action=maybe_recompile pc=0x0000023587b7d39c method=com.google.inject.internal.MoreTypes.getRawType(Ljava/lang/reflect/Type;)Ljava/lang/Class; @ 13 c2
Event: 9.030 Thread 0x00000235f08e1710 DEOPT PACKING pc=0x0000023587b7d39c sp=0x000000fb802fdb20
Event: 9.030 Thread 0x00000235f08e1710 DEOPT UNPACKING pc=0x0000023587599d1c sp=0x000000fb802fda68 mode 2
Event: 9.122 Thread 0x00000235f08e1710 Uncommon trap: trap_request=0xffffffde fr.pc=0x0000023587c22174 relative=0x0000000000000074
Event: 9.122 Thread 0x00000235f08e1710 Uncommon trap: reason=class_check action=maybe_recompile pc=0x0000023587c22174 method=java.util.Collections$UnmodifiableMap.size()I @ 4 c2
Event: 9.122 Thread 0x00000235f08e1710 DEOPT PACKING pc=0x0000023587c22174 sp=0x000000fb802fdb90
Event: 9.122 Thread 0x00000235f08e1710 DEOPT UNPACKING pc=0x0000023587599d1c sp=0x000000fb802fdb18 mode 2

Classes loaded (20 events):
Event: 9.155 Loading class java/util/concurrent/SynchronousQueue$Transferer done
Event: 9.155 Loading class java/util/concurrent/SynchronousQueue$TransferStack done
Event: 9.155 Loading class java/util/concurrent/SynchronousQueue$TransferStack$SNode
Event: 9.155 Loading class java/util/concurrent/SynchronousQueue$TransferStack$SNode done
Event: 9.155 Loading class java/lang/ProcessImpl$2
Event: 9.155 Loading class java/lang/ProcessImpl$2 done
Event: 9.155 Loading class java/lang/ProcessBuilder$NullOutputStream
Event: 9.155 Loading class java/lang/ProcessBuilder$NullOutputStream done
Event: 9.155 Loading class java/lang/ProcessBuilder$NullInputStream
Event: 9.155 Loading class java/lang/ProcessBuilder$NullInputStream done
Event: 9.155 Loading class jdk/internal/event/ProcessStartEvent
Event: 9.156 Loading class jdk/internal/event/ProcessStartEvent done
Event: 9.160 Loading class sun/misc/Signal
Event: 9.160 Loading class sun/misc/Signal done
Event: 9.160 Loading class sun/misc/SignalHandler
Event: 9.160 Loading class sun/misc/SignalHandler done
Event: 9.162 Loading class sun/misc/Signal$InternalMiscHandler
Event: 9.162 Loading class sun/misc/Signal$InternalMiscHandler done
Event: 9.162 Loading class sun/misc/Signal$SunMiscHandler
Event: 9.162 Loading class sun/misc/Signal$SunMiscHandler done

Classes unloaded (0 events):
No events

Classes redefined (0 events):
No events

Internal exceptions (20 events):
Event: 4.451 Thread 0x00000235f08e1710 Exception <a 'java/lang/NoSuchMethodError'{0x000000008812bbf0}: 'int java.lang.invoke.DirectMethodHandle$Holder.invokeSpecial(java.lang.Object, java.lang.Object, java.lang.Object, int)'> (0x000000008812bbf0) 
thrown [s\open\src\hotspot\share\interpreter\linkResolver.cpp, line 773]
Event: 4.454 Thread 0x00000235f08e1710 Exception <a 'java/lang/NoSuchMethodError'{0x000000008813bfe0}: 'java.lang.Object java.lang.invoke.DirectMethodHandle$Holder.invokeStatic(java.lang.Object, java.lang.Object, java.lang.Object, java.lang.Object, int)'> (0x000000008813bfe0) 
thrown [s\open\src\hotspot\share\interpreter\linkResolver.cpp, line 773]
Event: 4.456 Thread 0x00000235f08e1710 Exception <a 'java/lang/NoSuchMethodError'{0x0000000088146ff0}: 'void java.lang.invoke.DelegatingMethodHandle$Holder.reinvoke_L(java.lang.Object, java.lang.Object, int)'> (0x0000000088146ff0) 
thrown [s\open\src\hotspot\share\interpreter\linkResolver.cpp, line 773]
Event: 5.078 Thread 0x00000235f08e1710 Implicit null exception at 0x0000023587bc445b to 0x0000023587bc5b20
Event: 5.078 Thread 0x00000235f08e1710 Implicit null exception at 0x0000023587ba537a to 0x0000023587ba5544
Event: 5.078 Thread 0x00000235f08e1710 Implicit null exception at 0x0000023587ba99cd to 0x0000023587baa288
Event: 5.952 Thread 0x00000235f08e1710 Implicit null exception at 0x0000023587b50a1d to 0x0000023587b50a99
Event: 6.247 Thread 0x00000235f08e1710 Implicit null exception at 0x0000023587c52652 to 0x0000023587c53108
Event: 6.849 Thread 0x00000235f08e1710 Implicit null exception at 0x0000023587c108c0 to 0x0000023587c10d38
Event: 6.900 Thread 0x00000235f08e1710 Exception <a 'java/lang/NoSuchMethodError'{0x0000000087811ed0}: 'void java.lang.invoke.Invokers$Holder.invokeExact_MT(java.lang.Object, java.lang.Object, int, java.lang.Object)'> (0x0000000087811ed0) 
thrown [s\open\src\hotspot\share\interpreter\linkResolver.cpp, line 773]
Event: 8.957 Thread 0x00000235f08e1710 Exception <a 'java/lang/NoClassDefFoundError'{0x000000008763c648}: org/sonatype/aether/graph/DependencyNode> (0x000000008763c648) 
thrown [s\open\src\hotspot\share\classfile\systemDictionary.cpp, line 294]
Event: 9.035 Thread 0x00000235f08e1710 Exception <a 'java/lang/NoSuchMethodError'{0x00000000874bb580}: 'int java.lang.invoke.DirectMethodHandle$Holder.invokeStaticInit(java.lang.Object, java.lang.Object)'> (0x00000000874bb580) 
thrown [s\open\src\hotspot\share\interpreter\linkResolver.cpp, line 773]
Event: 9.040 Thread 0x00000235f08e1710 Exception <a 'java/lang/NoSuchMethodError'{0x00000000874caf08}: 'int java.lang.invoke.DirectMethodHandle$Holder.invokeStatic(java.lang.Object, java.lang.Object, java.lang.Object, java.lang.Object)'> (0x00000000874caf08) 
thrown [s\open\src\hotspot\share\interpreter\linkResolver.cpp, line 773]
Event: 9.041 Thread 0x00000235f08e1710 Exception <a 'java/lang/NoSuchMethodError'{0x00000000874ce588}: 'java.lang.Object java.lang.invoke.Invokers$Holder.invokeExact_MT(java.lang.Object, java.lang.Object, java.lang.Object, java.lang.Object, java.lang.Object, java.lang.Object)'> (0x00000000874ce588) 
thrown [s\open\src\hotspot\share\interpreter\linkResolver.cpp, line 773]
Event: 9.146 Thread 0x00000235f08e1710 Exception <a 'java/lang/NoSuchMethodError'{0x00000000873a0aa0}: 'void java.lang.invoke.DirectMethodHandle$Holder.invokeStatic(java.lang.Object, long)'> (0x00000000873a0aa0) 
thrown [s\open\src\hotspot\share\interpreter\linkResolver.cpp, line 773]
Event: 9.147 Thread 0x00000235f08e1710 Exception <a 'java/lang/NoSuchMethodError'{0x00000000873a6080}: 'java.lang.Object java.lang.invoke.DirectMethodHandle$Holder.newInvokeSpecial(java.lang.Object, long)'> (0x00000000873a6080) 
thrown [s\open\src\hotspot\share\interpreter\linkResolver.cpp, line 773]
Event: 9.150 Thread 0x00000235f08e1710 Exception <a 'java/lang/NoSuchMethodError'{0x00000000873ad6e0}: 'java.lang.Object java.lang.invoke.DirectMethodHandle$Holder.invokeStatic(java.lang.Object, long, java.lang.Object)'> (0x00000000873ad6e0) 
thrown [s\open\src\hotspot\share\interpreter\linkResolver.cpp, line 773]
Event: 9.151 Thread 0x00000235f08e1710 Exception <a 'java/lang/NoSuchMethodError'{0x00000000873b0e68}: 'java.lang.Object java.lang.invoke.DirectMethodHandle$Holder.invokeStaticInit(java.lang.Object, long, java.lang.Object)'> (0x00000000873b0e68) 
thrown [s\open\src\hotspot\share\interpreter\linkResolver.cpp, line 773]
Event: 9.158 Thread 0x00000235f08e1710 Exception <a 'java/lang/NoSuchMethodError'{0x00000000873b7798}: 'int java.lang.invoke.DirectMethodHandle$Holder.invokeVirtual(java.lang.Object, java.lang.Object)'> (0x00000000873b7798) 
thrown [s\open\src\hotspot\share\interpreter\linkResolver.cpp, line 773]
Event: 9.161 Thread 0x00000235f08e1710 Exception <a 'java/lang/NoSuchMethodError'{0x00000000873c0ff8}: 'void java.lang.invoke.DirectMethodHandle$Holder.invokeStatic(java.lang.Object, java.lang.Object, java.lang.Object)'> (0x00000000873c0ff8) 
thrown [s\open\src\hotspot\share\interpreter\linkResolver.cpp, line 773]

VM Operations (20 events):
Event: 5.282 Executing VM operation: ICBufferFull
Event: 5.282 Executing VM operation: ICBufferFull done
Event: 5.429 Executing VM operation: G1CollectForAllocation
Event: 5.448 Executing VM operation: G1CollectForAllocation done
Event: 6.454 Executing VM operation: Cleanup
Event: 6.455 Executing VM operation: Cleanup done
Event: 6.824 Executing VM operation: HandshakeAllThreads
Event: 6.824 Executing VM operation: HandshakeAllThreads done
Event: 6.888 Executing VM operation: HandshakeAllThreads
Event: 6.888 Executing VM operation: HandshakeAllThreads done
Event: 6.898 Executing VM operation: HandshakeAllThreads
Event: 6.898 Executing VM operation: HandshakeAllThreads done
Event: 7.031 Executing VM operation: ICBufferFull
Event: 7.031 Executing VM operation: ICBufferFull done
Event: 7.735 Executing VM operation: G1CollectForAllocation
Event: 7.755 Executing VM operation: G1CollectForAllocation done
Event: 8.715 Executing VM operation: ICBufferFull
Event: 8.715 Executing VM operation: ICBufferFull done
Event: 8.864 Executing VM operation: HandshakeAllThreads
Event: 8.864 Executing VM operation: HandshakeAllThreads done

Events (14 events):
Event: 0.028 Thread 0x00000235f08e1710 Thread added: 0x00000235f08e1710
Event: 0.052 Thread 0x00000235fd9ce270 Thread added: 0x00000235fd9ce270
Event: 0.053 Thread 0x00000235fd9cec80 Thread added: 0x00000235fd9cec80
Event: 0.054 Thread 0x00000235fd9d1550 Thread added: 0x00000235fd9d1550
Event: 0.054 Thread 0x00000235fd9d3ab0 Thread added: 0x00000235fd9d3ab0
Event: 0.054 Thread 0x00000235fd9d4000 Thread added: 0x00000235fd9d4000
Event: 0.054 Thread 0x00000235fd9d4550 Thread added: 0x00000235fd9d4550
Event: 0.054 Thread 0x00000235fd9d8de0 Thread added: 0x00000235fd9d8de0
Event: 0.057 Thread 0x00000235fda04c90 Thread added: 0x00000235fda04c90
Event: 0.095 Thread 0x00000235fdc50f90 Thread added: 0x00000235fdc50f90
Event: 0.101 Thread 0x00000235fdc59280 Thread added: 0x00000235fdc59280
Event: 1.784 Thread 0x00000235fdf83110 Thread added: 0x00000235fdf83110
Event: 2.949 Thread 0x00000235fdf83110 Thread exited: 0x00000235fdf83110
Event: 4.332 Thread 0x00000235ff1b6030 Thread added: 0x00000235ff1b6030


Dynamic libraries:
0x00007ff7fde50000 - 0x00007ff7fde60000 	C:\Program Files\Java\jdk-20\bin\java.exe
0x00007fff81cd0000 - 0x00007fff81ec8000 	C:\WINDOWS\SYSTEM32\ntdll.dll
0x00007fff80040000 - 0x00007fff800ff000 	C:\WINDOWS\System32\KERNEL32.DLL
0x00007fff7f800000 - 0x00007fff7faf6000 	C:\WINDOWS\System32\KERNELBASE.dll
0x00007fff7fb70000 - 0x00007fff7fc70000 	C:\WINDOWS\System32\ucrtbase.dll
0x00007fff7afb0000 - 0x00007fff7afc9000 	C:\Program Files\Java\jdk-20\bin\jli.dll
0x00007fff7af90000 - 0x00007fff7afab000 	C:\Program Files\Java\jdk-20\bin\VCRUNTIME140.dll
0x00007fff81ae0000 - 0x00007fff81b8f000 	C:\WINDOWS\System32\ADVAPI32.dll
0x00007fff80100000 - 0x00007fff8019e000 	C:\WINDOWS\System32\msvcrt.dll
0x00007fff801a0000 - 0x00007fff8023c000 	C:\WINDOWS\System32\sechost.dll
0x00007fff80680000 - 0x00007fff807a6000 	C:\WINDOWS\System32\RPCRT4.dll
0x00007fff7fe90000 - 0x00007fff8002d000 	C:\WINDOWS\System32\USER32.dll
0x00007fff67650000 - 0x00007fff678ea000 	C:\WINDOWS\WinSxS\amd64_microsoft.windows.common-controls_6595b64144ccf1df_6.0.19041.1110_none_60b5254171f9507e\COMCTL32.dll
0x00007fff7fc70000 - 0x00007fff7fc92000 	C:\WINDOWS\System32\win32u.dll
0x00007fff7fe00000 - 0x00007fff7fe2c000 	C:\WINDOWS\System32\GDI32.dll
0x00007fff7f580000 - 0x00007fff7f695000 	C:\WINDOWS\System32\gdi32full.dll
0x00007fff7f490000 - 0x00007fff7f52d000 	C:\WINDOWS\System32\msvcp_win.dll
0x00007fff790c0000 - 0x00007fff790ca000 	C:\WINDOWS\SYSTEM32\VERSION.dll
0x00007fff80650000 - 0x00007fff80680000 	C:\WINDOWS\System32\IMM32.DLL
0x00007fff7af80000 - 0x00007fff7af8c000 	C:\Program Files\Java\jdk-20\bin\vcruntime140_1.dll
0x00007fff780f0000 - 0x00007fff7817e000 	C:\Program Files\Java\jdk-20\bin\msvcp140.dll
0x00007fff3b850000 - 0x00007fff3c4e7000 	C:\Program Files\Java\jdk-20\bin\server\jvm.dll
0x00007fff70870000 - 0x00007fff70897000 	C:\WINDOWS\SYSTEM32\WINMM.dll
0x00007fff6f150000 - 0x00007fff6f159000 	C:\WINDOWS\SYSTEM32\WSOCK32.dll
0x00007fff80e80000 - 0x00007fff80eeb000 	C:\WINDOWS\System32\WS2_32.dll
0x00007fff7d260000 - 0x00007fff7d272000 	C:\WINDOWS\SYSTEM32\kernel.appcore.dll
0x00007fff7af70000 - 0x00007fff7af7a000 	C:\Program Files\Java\jdk-20\bin\jimage.dll
0x00007fff75450000 - 0x00007fff75634000 	C:\WINDOWS\SYSTEM32\DBGHELP.DLL
0x00007fff6e700000 - 0x00007fff6e734000 	C:\WINDOWS\SYSTEM32\dbgcore.DLL
0x00007fff7fca0000 - 0x00007fff7fd22000 	C:\WINDOWS\System32\bcryptPrimitives.dll
0x00007fff7a0b0000 - 0x00007fff7a0d6000 	C:\Program Files\Java\jdk-20\bin\java.dll
0x00007fff78010000 - 0x00007fff780e7000 	C:\Program Files\Java\jdk-20\bin\jsvml.dll
0x00007fff81250000 - 0x00007fff81994000 	C:\WINDOWS\System32\SHELL32.dll
0x00007fff7d460000 - 0x00007fff7dbf3000 	C:\WINDOWS\SYSTEM32\windows.storage.dll
0x00007fff80ef0000 - 0x00007fff81244000 	C:\WINDOWS\System32\combase.dll
0x00007fff7ed90000 - 0x00007fff7edbe000 	C:\WINDOWS\SYSTEM32\Wldp.dll
0x00007fff81a30000 - 0x00007fff81add000 	C:\WINDOWS\System32\SHCORE.dll
0x00007fff80870000 - 0x00007fff808c5000 	C:\WINDOWS\System32\shlwapi.dll
0x00007fff7f2f0000 - 0x00007fff7f30f000 	C:\WINDOWS\SYSTEM32\profapi.dll
0x00007fff7aee0000 - 0x00007fff7aef3000 	C:\Program Files\Java\jdk-20\bin\net.dll
0x00007fff74480000 - 0x00007fff7458a000 	C:\WINDOWS\SYSTEM32\WINHTTP.dll
0x00007fff7ea80000 - 0x00007fff7eaea000 	C:\WINDOWS\system32\mswsock.dll
0x00007fff77ff0000 - 0x00007fff78006000 	C:\Program Files\Java\jdk-20\bin\nio.dll
0x00007fff77fb0000 - 0x00007fff77fc8000 	C:\Program Files\Java\jdk-20\bin\zip.dll
0x00007fff79f10000 - 0x00007fff79f20000 	C:\Program Files\Java\jdk-20\bin\verify.dll
0x00007fff7ec70000 - 0x00007fff7ec88000 	C:\WINDOWS\SYSTEM32\CRYPTSP.dll
0x00007fff7e3a0000 - 0x00007fff7e3d4000 	C:\WINDOWS\system32\rsaenh.dll
0x00007fff7f460000 - 0x00007fff7f487000 	C:\WINDOWS\System32\bcrypt.dll
0x00007fff7f2b0000 - 0x00007fff7f2de000 	C:\WINDOWS\SYSTEM32\USERENV.dll
0x00007fff7ec90000 - 0x00007fff7ec9c000 	C:\WINDOWS\SYSTEM32\CRYPTBASE.dll
0x00007fff7e770000 - 0x00007fff7e7ac000 	C:\WINDOWS\SYSTEM32\IPHLPAPI.DLL
0x00007fff80030000 - 0x00007fff80038000 	C:\WINDOWS\System32\NSI.dll
0x00007fff753b0000 - 0x00007fff753c7000 	C:\WINDOWS\SYSTEM32\dhcpcsvc6.DLL
0x00007fff75e70000 - 0x00007fff75e8d000 	C:\WINDOWS\SYSTEM32\dhcpcsvc.DLL
0x00007fff7e7b0000 - 0x00007fff7e87a000 	C:\WINDOWS\SYSTEM32\DNSAPI.dll
0x00007fff782d0000 - 0x00007fff782da000 	C:\Users\HELEN\AppData\Local\Temp\jansi-1.17.1-5650822380291037204.dll

dbghelp: loaded successfully - version: 4.0.5 - missing functions: none
symbol engine: initialized successfully - sym options: 0x614 - pdb path: .;C:\Program Files\Java\jdk-20\bin;C:\WINDOWS\SYSTEM32;C:\WINDOWS\WinSxS\amd64_microsoft.windows.common-controls_6595b64144ccf1df_6.0.19041.1110_none_60b5254171f9507e;C:\Program Files\Java\jdk-20\bin\server;C:\Users\HELEN\AppData\Local\Temp

VM Arguments:
jvm_args: -Dmaven.home=C:/Users/HELEN/Documents/spring_boot -Dmaven.multiModuleProjectDirectory=C:/Users/HELEN/Documents/spring_boot/quest-spring-route 
java_command: org.apache.maven.wrapper.MavenWrapperMain spring-boot:run
java_class_path (initial): C:/Users/HELEN/Documents/spring_boot/quest-spring-route/.mvn/wrapper/maven-wrapper.jar
Launcher Type: SUN_STANDARD

[Global flags]
     intx CICompilerCount                          = 3                                         {product} {ergonomic}
     uint ConcGCThreads                            = 1                                         {product} {ergonomic}
     uint G1ConcRefinementThreads                  = 4                                         {product} {ergonomic}
   size_t G1HeapRegionSize                         = 1048576                                   {product} {ergonomic}
    uintx GCDrainStackTargetSize                   = 64                                        {product} {ergonomic}
   size_t InitialHeapSize                          = 132120576                                 {product} {ergonomic}
   size_t MarkStackSize                            = 4194304                                   {product} {ergonomic}
   size_t MaxHeapSize                              = 2105540608                                {product} {ergonomic}
   size_t MaxNewSize                               = 1262485504                                {product} {ergonomic}
   size_t MinHeapDeltaBytes                        = 1048576                                   {product} {ergonomic}
   size_t MinHeapSize                              = 8388608                                   {product} {ergonomic}
    uintx NonNMethodCodeHeapSize                   = 5832780                                {pd product} {ergonomic}
    uintx NonProfiledCodeHeapSize                  = 122912730                              {pd product} {ergonomic}
     bool PerfDisableSharedMem                     = true                                      {product} {ergonomic}
    uintx ProfiledCodeHeapSize                     = 122912730                              {pd product} {ergonomic}
    uintx ReservedCodeCacheSize                    = 251658240                              {pd product} {ergonomic}
     bool SegmentedCodeCache                       = true                                      {product} {ergonomic}
   size_t SoftMaxHeapSize                          = 2105540608                             {manageable} {ergonomic}
     bool UseCompressedClassPointers               = true                           {product lp64_product} {ergonomic}
     bool UseCompressedOops                        = true                           {product lp64_product} {ergonomic}
     bool UseG1GC                                  = true                                      {product} {ergonomic}
     bool UseLargePagesIndividualAllocation        = false                                  {pd product} {ergonomic}

Logging:
Log output configuration:
 #0: stdout all=warning uptime,level,tags foldmultilines=false
 #1: stderr all=off uptime,level,tags foldmultilines=false

Environment Variables:
JAVA_HOME=
PATH=C:\Users\HELEN\bin;C:\Program Files\Git\mingw64\bin;C:\Program Files\Git\usr\local\bin;C:\Program Files\Git\usr\bin;C:\Program Files\Git\usr\bin;C:\Program Files\Git\mingw64\bin;C:\Program Files\Git\usr\bin;C:\Users\HELEN\bin;C:\Program Files\Common Files\Oracle\Java\javapath;C:\Program Files (x86)\Common Files\Oracle\Java\javapath;C:\Program Files (x86)\Intel\TXE Components\iCLS;C:\Program Files\Intel\TXE Components\iCLS;C:\WINDOWS\system32;C:\WINDOWS;C:\WINDOWS\System32\Wbem;C:\WINDOWS\System32\WindowsPowerShell\v1.0;C:\WINDOWS\System32\OpenSSH;C:\Program Files\Intel\TXE Components\DAL;C:\Program Files (x86)\Intel\TXE Components\DAL;C:\Program Files\Intel\TXE Components\IPT;C:\Program Files (x86)\Intel\TXE Components\IPT;C:\Program Files\Git\cmd;C:\Users\HELEN\AppData\Roaming\nvm;C:\Program Files\nodejs;C:\Program Files\nodejs;C:\Program Files\dotnet;C:\Program Files\Microsoft SQL Server\150\Tools\Binn;C:\Program Files\Microsoft SQL Server\Client SDK\ODBC\170\Tools\Binn;C:\Program Files\MySQL\MySQL Shell 8.0\bin;C:\Users\HELEN\AppData\Local\Microsoft\WindowsApps;C:\Users\HELEN\AppData\Local\Programs\Microsoft VS Code\bin;C:\Users\HELEN\AppData\Local\GitHubDesktop\bin;C:\Users\HELEN\AppData\Roaming\nvm;C:\Program Files\nodejs;C:\Users\HELEN\AppData\Roaming\npm;C:\Users\HELEN\.dotnet\tools;C:\Program Files\Git\usr\bin\vendor_perl;C:\Program Files\Git\usr\bin\core_perl
USERNAME=HELEN
SHELL=C:\Program Files\Git\usr\bin\bash.exe
DISPLAY=needs-to-be-defined
LANG=en_US.UTF-8
LC_CTYPE=fr_FR.UTF-8
TERM=xterm
TMPDIR=C:\Users\HELEN\AppData\Local\Temp
OS=Windows_NT
PROCESSOR_IDENTIFIER=Intel64 Family 6 Model 122 Stepping 8, GenuineIntel
TMP=C:\Users\HELEN\AppData\Local\Temp
TEMP=C:\Users\HELEN\AppData\Local\Temp




---------------  S Y S T E M  ---------------

OS:
 Windows 10 , 64 bit Build 19041 (10.0.19041.3031)
OS uptime: 0 days 4:09 hours

CPU: total 4 (initial active 4) (4 cores per cpu, 1 threads per core) family 6 model 122 stepping 8 microcode 0xc, cx8, cmov, fxsr, mmx, 3dnowpref, sse, sse2, sse3, ssse3, sse4.1, sse4.2, popcnt, tsc, tscinvbit, aes, erms, clmul, sha, clflush, clflushopt, rdtscp, rdpid

Memory: 4k page, system-wide physical 8027M (2128M free)
TotalPageFile size 13659M (AvailPageFile size 3926M)
current process WorkingSet (physical memory assigned to process): 203M, peak: 203M
current process commit charge ("private bytes"): 266M, peak: 267M

vm_info: Java HotSpot(TM) 64-Bit Server VM (20.0.1+9-29) for windows-amd64 JRE (20.0.1+9-29), built on 2023-03-07T13:56:11Z by "mach5one" with MS VC++ 17.1 (VS2022)

END.
